<?xml version="1.0" encoding="UTF-8"?>
<!-- Generated by org.testng.reporters.JUnitReportReporter -->
<testsuite skipped="0" hostname="vliu" name="SeleniumAutomation.AutomationTest.DemoSeleniumTest" tests="1" failures="0" timestamp="12 Dec 2019 10:23:25 GMT" time="4.219" errors="0">
  <testcase name="OpenHomePage" time="4.219" classname="SeleniumAutomation.AutomationTest.DemoSeleniumTest"/>
</testsuite> <!-- SeleniumAutomation.AutomationTest.DemoSeleniumTest -->
