<?xml version="1.0" encoding="UTF-8"?>
<!-- Generated by org.testng.reporters.JUnitReportReporter -->
<testsuite skipped="0" hostname="vliu" name="SeleniumAutomation.AutomationTest.NewTest" tests="1" failures="0" timestamp="12 Dec 2019 10:22:39 GMT" time="0.010" errors="0">
  <testcase name="f" time="0.010" classname="SeleniumAutomation.AutomationTest.NewTest"/>
</testsuite> <!-- SeleniumAutomation.AutomationTest.NewTest -->
