<?xml version="1.0" encoding="UTF-8"?>
<!-- Generated by org.testng.reporters.JUnitReportReporter -->
<testsuite skipped="0" hostname="vliu" name="SeleniumAutomation.AutomationTest.TestNGDemTest" tests="1" failures="0" timestamp="12 Dec 2019 10:22:39 GMT" time="0.001" errors="0">
  <testcase name="testAdd" time="0.001" classname="SeleniumAutomation.AutomationTest.TestNGDemTest"/>
</testsuite> <!-- SeleniumAutomation.AutomationTest.TestNGDemTest -->
