<?xml version="1.0" encoding="UTF-8"?>
<!-- Generated by org.testng.reporters.JUnitReportReporter -->
<testsuite skipped="0" hostname="vliu" name="SeleniumAutomation.AutomationTest.DemoSeleniumTest" tests="1" failures="0" timestamp="13 Dec 2019 04:39:29 GMT" time="5.260" errors="0">
  <testcase name="OpenHomePage" time="5.260" classname="SeleniumAutomation.AutomationTest.DemoSeleniumTest"/>
</testsuite> <!-- SeleniumAutomation.AutomationTest.DemoSeleniumTest -->
