<?xml version="1.0" encoding="UTF-8"?>
<!-- Generated by org.testng.reporters.JUnitReportReporter -->
<testsuite hostname="vliu" name="SeleniumAutomation.AutomationTest.NewTest" tests="1" failures="0" timestamp="10 Dec 2019 12:20:30 GMT" time="0.012" errors="0">
  <testcase name="f" time="0.012" classname="SeleniumAutomation.AutomationTest.NewTest"/>
</testsuite> <!-- SeleniumAutomation.AutomationTest.NewTest -->
