<?xml version="1.0" encoding="UTF-8"?>
<!-- Generated by org.testng.reporters.JUnitReportReporter -->
<testsuite skipped="0" hostname="vmwx64apxqa11" name="SeleniumAutomation.AutomationTest.NewTest1" tests="1" failures="0" timestamp="2019-12-10T22:58:32 PST" time="0.002" errors="0">
  <testcase name="f" time="0.002" classname="SeleniumAutomation.AutomationTest.NewTest1"/>
</testsuite> <!-- SeleniumAutomation.AutomationTest.NewTest1 -->
