<?xml version="1.0" encoding="UTF-8"?>
<!-- Generated by org.testng.reporters.JUnitReportReporter -->
<testsuite skipped="0" hostname="vliu" name="SeleniumAutomation.AutomationTest.DemoSeleniumTest" tests="1" failures="0" timestamp="13 Dec 2019 10:07:48 GMT" time="4.394" errors="0">
  <testcase name="OpenHomePage" time="4.394" classname="SeleniumAutomation.AutomationTest.DemoSeleniumTest"/>
</testsuite> <!-- SeleniumAutomation.AutomationTest.DemoSeleniumTest -->
