<?xml version="1.0" encoding="UTF-8"?>
<!-- Generated by org.testng.reporters.JUnitReportReporter -->
<testsuite hostname="vliu" name="SeleniumAutomation.AutomationTest.TestNGDemTest" tests="1" failures="0" timestamp="10 Dec 2019 11:20:50 GMT" time="0.000" errors="0">
  <testcase name="testAdd" time="0.000" classname="SeleniumAutomation.AutomationTest.TestNGDemTest"/>
</testsuite> <!-- SeleniumAutomation.AutomationTest.TestNGDemTest -->
