<?xml version="1.0" encoding="UTF-8"?>
<!-- Generated by org.testng.reporters.JUnitReportReporter -->
<testsuite skipped="0" hostname="vliu" name="SeleniumAutomation.AutomationTest.TestNGDemTest" tests="1" failures="0" timestamp="13 Dec 2019 10:31:43 GMT" time="0.002" errors="0">
  <testcase name="testAdd" time="0.002" classname="SeleniumAutomation.AutomationTest.TestNGDemTest"/>
</testsuite> <!-- SeleniumAutomation.AutomationTest.TestNGDemTest -->
