<?xml version="1.0" encoding="UTF-8"?>
<!-- Generated by org.testng.reporters.JUnitReportReporter -->
<testsuite skipped="0" hostname="vliu" name="SeleniumAutomation.AutomationTest.DemoSeleniumTest" tests="1" failures="0" timestamp="13 Dec 2019 10:32:58 GMT" time="3.889" errors="0">
  <testcase name="OpenHomePage" time="3.889" classname="SeleniumAutomation.AutomationTest.DemoSeleniumTest"/>
</testsuite> <!-- SeleniumAutomation.AutomationTest.DemoSeleniumTest -->
