<?xml version="1.0" encoding="UTF-8"?>
<!-- Generated by org.testng.reporters.JUnitReportReporter -->
<testsuite skipped="0" hostname="vmwx64apxqa11" name="SeleniumAutomation.AutomationTest.TestNGDemTest" tests="1" failures="0" timestamp="2019-12-10T22:56:13 PST" time="0.002" errors="0">
  <testcase name="testAdd" time="0.002" classname="SeleniumAutomation.AutomationTest.TestNGDemTest"/>
</testsuite> <!-- SeleniumAutomation.AutomationTest.TestNGDemTest -->
