<?xml version="1.0" encoding="UTF-8"?>
<!-- Generated by org.testng.reporters.JUnitReportReporter -->
<testsuite skipped="0" hostname="vmwx64apxqa11" name="SeleniumAutomation.AutomationTest.NewTest" tests="1" failures="0" timestamp="2019-12-10T22:56:13 PST" time="0.018" errors="0">
  <testcase name="f" time="0.018" classname="SeleniumAutomation.AutomationTest.NewTest"/>
</testsuite> <!-- SeleniumAutomation.AutomationTest.NewTest -->
