<?xml version="1.0" encoding="UTF-8"?>
<!-- Generated by org.testng.reporters.JUnitReportReporter -->
<testsuite skipped="0" hostname="vliu" name="SeleniumAutomation.AutomationTest.TestNGDemTest" tests="1" failures="0" timestamp="13 Dec 2019 04:39:29 GMT" time="0.005" errors="0">
  <testcase name="testAdd" time="0.005" classname="SeleniumAutomation.AutomationTest.TestNGDemTest"/>
</testsuite> <!-- SeleniumAutomation.AutomationTest.TestNGDemTest -->
